<?xml version="1.0" encoding="UTF-8"?>
<!-- Generated by org.testng.reporters.JUnitReportReporter -->
<testsuite hostname="DESKTOP-NIE3BT5" failures="0" tests="3" name="com.crm.qa.testcases.LoginPageTest" time="52.633" errors="0" timestamp="22 Mar 2021 19:11:31 GMT" skipped="1">
  <testcase classname="com.crm.qa.testcases.LoginPageTest" name="loginPageTitleTest" time="25.859"/>
  <testcase classname="com.crm.qa.testcases.LoginPageTest" name="loginTest" time="26.774"/>
  <testcase classname="com.crm.qa.testcases.LoginPageTest" name="validateCRMLogoTest">
    <skipped/>
  </testcase> <!-- validateCRMLogoTest -->
</testsuite> <!-- com.crm.qa.testcases.LoginPageTest -->
