<?xml version="1.0" encoding="UTF-8"?>
<!-- Generated by org.testng.reporters.JUnitReportReporter -->
<testsuite hostname="DESKTOP-NIE3BT5" failures="0" tests="3" name="com.crm.qa.testcases.ContactsPageTest" time="61.934" errors="0" timestamp="22 Mar 2021 19:11:31 GMT" skipped="1">
  <testcase classname="com.crm.qa.testcases.ContactsPageTest" name="selectCheckBoxTest" time="30.484"/>
  <testcase classname="com.crm.qa.testcases.ContactsPageTest" name="clickOnEditTest" time="31.450"/>
  <testcase classname="com.crm.qa.testcases.ContactsPageTest" name="verifyUserNameTest">
    <skipped/>
  </testcase> <!-- verifyUserNameTest -->
</testsuite> <!-- com.crm.qa.testcases.ContactsPageTest -->
