<?xml version="1.0" encoding="UTF-8"?>
<!-- Generated by org.testng.reporters.JUnitReportReporter -->
<testsuite hostname="DESKTOP-NIE3BT5" failures="0" tests="7" name="com.crm.qa.testcases.HomePageTest" time="29.558" errors="0" timestamp="22 Mar 2021 19:11:31 GMT" skipped="6">
  <testcase classname="com.crm.qa.testcases.HomePageTest" name="clickOnContactTest" time="29.558"/>
  <testcase classname="com.crm.qa.testcases.HomePageTest" name="clickOnContactsLikTest">
    <skipped/>
  </testcase> <!-- clickOnContactsLikTest -->
  <testcase classname="com.crm.qa.testcases.HomePageTest" name="verifyUserNametest">
    <skipped/>
  </testcase> <!-- verifyUserNametest -->
  <testcase classname="com.crm.qa.testcases.HomePageTest" name="clickOntaskLinkTest">
    <skipped/>
  </testcase> <!-- clickOntaskLinkTest -->
  <testcase classname="com.crm.qa.testcases.HomePageTest" name="clickOnDelaspageTest">
    <skipped/>
  </testcase> <!-- clickOnDelaspageTest -->
  <testcase classname="com.crm.qa.testcases.HomePageTest" name="clickNewContactIconTest">
    <skipped/>
  </testcase> <!-- clickNewContactIconTest -->
  <testcase classname="com.crm.qa.testcases.HomePageTest" name="verifyHomePageTitleTest">
    <skipped/>
  </testcase> <!-- verifyHomePageTitleTest -->
</testsuite> <!-- com.crm.qa.testcases.HomePageTest -->
